[0m16:42:03.031929 [debug] [MainThread]: Sending event: {'category': 'dbt', 'action': 'invocation', 'label': 'start', 'context': [<snowplow_tracker.self_describing_json.SelfDescribingJson object at 0x104ad88e0>, <snowplow_tracker.self_describing_json.SelfDescribingJson object at 0x10709b3d0>, <snowplow_tracker.self_describing_json.SelfDescribingJson object at 0x1070c35b0>]}


============================== 16:42:03.034321 | c56ee0a8-846c-45cc-887b-49e5d8b44005 ==============================
[0m16:42:03.034321 [info ] [MainThread]: Running with dbt=1.8.7
[0m16:42:03.034609 [debug] [MainThread]: running dbt with arguments {'printer_width': '80', 'indirect_selection': 'eager', 'write_json': 'True', 'log_cache_events': 'False', 'partial_parse': 'True', 'cache_selected_only': 'False', 'profiles_dir': '/Users/beprathap/.dbt', 'debug': 'False', 'version_check': 'True', 'log_path': 'logs', 'fail_fast': 'False', 'warn_error': 'None', 'use_colors': 'True', 'use_experimental_parser': 'False', 'no_print': 'None', 'quiet': 'False', 'empty': 'None', 'log_format': 'default', 'introspect': 'True', 'static_parser': 'True', 'invocation_command': 'dbt init netflix', 'target_path': 'None', 'warn_error_options': 'WarnErrorOptions(include=[], exclude=[])', 'send_anonymous_usage_stats': 'True'}
[0m16:42:03.044185 [debug] [MainThread]: Starter project path: /Users/beprathap/workspace/netflix-dataset/venv/lib/python3.8/site-packages/dbt/include/starter_project
[0m16:42:03.048310 [info ] [MainThread]: 
Your new dbt project "netflix" was created!

For more information on how to configure the profiles.yml file,
please consult the dbt documentation here:

  https://docs.getdbt.com/docs/configure-your-profile

One more thing:

Need help? Don't hesitate to reach out to us via GitHub issues or on Slack:

  https://community.getdbt.com/

Happy modeling!

[0m16:42:03.048540 [info ] [MainThread]: Setting up your profile.
[0m19:06:24.442768 [info ] [MainThread]: Profile netflix written to /Users/beprathap/.dbt/profiles.yml using target's profile_template.yml and your supplied values. Run 'dbt debug' to validate the connection.
[0m19:06:24.861519 [debug] [MainThread]: Resource report: {"command_name": "init", "command_success": true, "command_wall_clock_time": 2592.568, "process_user_time": 0.779529, "process_kernel_time": 0.17477, "process_mem_max_rss": "108150784", "process_in_blocks": "0", "process_out_blocks": "0"}
[0m19:06:24.863249 [debug] [MainThread]: Command `dbt init` succeeded at 19:06:24.862913 after 2592.57 seconds
[0m19:06:24.864971 [debug] [MainThread]: Sending event: {'category': 'dbt', 'action': 'invocation', 'label': 'end', 'context': [<snowplow_tracker.self_describing_json.SelfDescribingJson object at 0x104ad88e0>, <snowplow_tracker.self_describing_json.SelfDescribingJson object at 0x110008ee0>, <snowplow_tracker.self_describing_json.SelfDescribingJson object at 0x1070c3a90>]}
[0m19:06:24.866102 [debug] [MainThread]: Flushing usage events
[0m19:07:28.993791 [debug] [MainThread]: Sending event: {'category': 'dbt', 'action': 'invocation', 'label': 'start', 'context': [<snowplow_tracker.self_describing_json.SelfDescribingJson object at 0x106020100>, <snowplow_tracker.self_describing_json.SelfDescribingJson object at 0x107aadc70>, <snowplow_tracker.self_describing_json.SelfDescribingJson object at 0x107b1d9a0>]}


============================== 19:07:28.995995 | db62363c-5472-454c-88c3-388acdd2d266 ==============================
[0m19:07:28.995995 [info ] [MainThread]: Running with dbt=1.8.7
[0m19:07:28.996277 [debug] [MainThread]: running dbt with arguments {'printer_width': '80', 'indirect_selection': 'eager', 'write_json': 'True', 'log_cache_events': 'False', 'partial_parse': 'True', 'cache_selected_only': 'False', 'profiles_dir': '/Users/beprathap/.dbt', 'debug': 'False', 'fail_fast': 'False', 'log_path': 'logs', 'version_check': 'True', 'warn_error': 'None', 'use_colors': 'True', 'use_experimental_parser': 'False', 'no_print': 'None', 'quiet': 'False', 'empty': 'None', 'warn_error_options': 'WarnErrorOptions(include=[], exclude=[])', 'static_parser': 'True', 'invocation_command': 'dbt debug', 'introspect': 'True', 'target_path': 'None', 'log_format': 'default', 'send_anonymous_usage_stats': 'True'}
[0m19:07:29.005767 [info ] [MainThread]: dbt version: 1.8.7
[0m19:07:29.005964 [info ] [MainThread]: python version: 3.8.10
[0m19:07:29.006106 [info ] [MainThread]: python path: /Users/beprathap/workspace/netflix-dataset/venv/bin/python
[0m19:07:29.006243 [info ] [MainThread]: os info: macOS-15.6.1-arm64-arm-64bit
[0m19:07:29.164933 [info ] [MainThread]: Using profiles dir at /Users/beprathap/.dbt
[0m19:07:29.165216 [info ] [MainThread]: Using profiles.yml file at /Users/beprathap/.dbt/profiles.yml
[0m19:07:29.165371 [info ] [MainThread]: Using dbt_project.yml file at /Users/beprathap/workspace/netflix-dataset/dbt_project.yml
[0m19:07:29.165790 [info ] [MainThread]: adapter type: snowflake
[0m19:07:29.165938 [info ] [MainThread]: adapter version: 1.8.4
[0m19:07:29.166089 [info ] [MainThread]: Configuration:
[0m19:07:29.166224 [info ] [MainThread]:   profiles.yml file [[32mOK found and valid[0m]
[0m19:07:29.166359 [info ] [MainThread]:   dbt_project.yml file [[31mERROR not found[0m]
[0m19:07:29.166494 [info ] [MainThread]: Required dependencies:
[0m19:07:29.166659 [debug] [MainThread]: Executing "git --help"
[0m19:07:29.179342 [debug] [MainThread]: STDOUT: "b"usage: git [-v | --version] [-h | --help] [-C <path>] [-c <name>=<value>]\n           [--exec-path[=<path>]] [--html-path] [--man-path] [--info-path]\n           [-p | --paginate | -P | --no-pager] [--no-replace-objects] [--no-lazy-fetch]\n           [--no-optional-locks] [--no-advice] [--bare] [--git-dir=<path>]\n           [--work-tree=<path>] [--namespace=<name>] [--config-env=<name>=<envvar>]\n           <command> [<args>]\n\nThese are common Git commands used in various situations:\n\nstart a working area (see also: git help tutorial)\n   clone     Clone a repository into a new directory\n   init      Create an empty Git repository or reinitialize an existing one\n\nwork on the current change (see also: git help everyday)\n   add       Add file contents to the index\n   mv        Move or rename a file, a directory, or a symlink\n   restore   Restore working tree files\n   rm        Remove files from the working tree and from the index\n\nexamine the history and state (see also: git help revisions)\n   bisect    Use binary search to find the commit that introduced a bug\n   diff      Show changes between commits, commit and working tree, etc\n   grep      Print lines matching a pattern\n   log       Show commit logs\n   show      Show various types of objects\n   status    Show the working tree status\n\ngrow, mark and tweak your common history\n   branch    List, create, or delete branches\n   commit    Record changes to the repository\n   merge     Join two or more development histories together\n   rebase    Reapply commits on top of another base tip\n   reset     Reset current HEAD to the specified state\n   switch    Switch branches\n   tag       Create, list, delete or verify a tag object signed with GPG\n\ncollaborate (see also: git help workflows)\n   fetch     Download objects and refs from another repository\n   pull      Fetch from and integrate with another repository or a local branch\n   push      Update remote refs along with associated objects\n\n'git help -a' and 'git help -g' list available subcommands and some\nconcept guides. See 'git help <command>' or 'git help <concept>'\nto read about a specific subcommand or concept.\nSee 'git help git' for an overview of the system.\n""
[0m19:07:29.179934 [debug] [MainThread]: STDERR: "b''"
[0m19:07:29.180151 [info ] [MainThread]:  - git [[32mOK found[0m]

[0m19:07:29.180328 [info ] [MainThread]: Connection:
[0m19:07:29.180512 [info ] [MainThread]:   account: XGYBNPC-DY08172
[0m19:07:29.180650 [info ] [MainThread]:   user: BEPRATHAP
[0m19:07:29.180783 [info ] [MainThread]:   database: PROD
[0m19:07:29.180918 [info ] [MainThread]:   warehouse: COMPUTE_WH
[0m19:07:29.181047 [info ] [MainThread]:   role: ACCOUNTADMIN
[0m19:07:29.181188 [info ] [MainThread]:   schema: DBT_RAW
[0m19:07:29.181323 [info ] [MainThread]:   authenticator: None
[0m19:07:29.181453 [info ] [MainThread]:   oauth_client_id: None
[0m19:07:29.181607 [info ] [MainThread]:   query_tag: None
[0m19:07:29.181842 [info ] [MainThread]:   client_session_keep_alive: False
[0m19:07:29.181981 [info ] [MainThread]:   host: None
[0m19:07:29.182116 [info ] [MainThread]:   port: None
[0m19:07:29.182247 [info ] [MainThread]:   proxy_host: None
[0m19:07:29.182397 [info ] [MainThread]:   proxy_port: None
[0m19:07:29.182526 [info ] [MainThread]:   protocol: None
[0m19:07:29.182657 [info ] [MainThread]:   connect_retries: 1
[0m19:07:29.182787 [info ] [MainThread]:   connect_timeout: None
[0m19:07:29.182916 [info ] [MainThread]:   retry_on_database_errors: False
[0m19:07:29.183044 [info ] [MainThread]:   retry_all: False
[0m19:07:29.183172 [info ] [MainThread]:   insecure_mode: False
[0m19:07:29.183301 [info ] [MainThread]:   reuse_connections: None
[0m19:07:29.183691 [info ] [MainThread]: Registered adapter: snowflake=1.8.4
[0m19:07:29.491366 [debug] [MainThread]: Acquiring new snowflake connection 'debug'
[0m19:07:29.493562 [debug] [MainThread]: Using snowflake connection "debug"
[0m19:07:29.494029 [debug] [MainThread]: On debug: select 1 as id
[0m19:07:29.494392 [debug] [MainThread]: Opening a new connection, currently in state init
[0m19:07:31.322529 [debug] [MainThread]: SQL status: SUCCESS 1 in 1.828 seconds
[0m19:07:31.325066 [debug] [MainThread]: On debug: Close
[0m19:07:31.483264 [info ] [MainThread]:   Connection test: [[32mOK connection ok[0m]

[0m19:07:31.483805 [info ] [MainThread]: [31m1 check failed:[0m
[0m19:07:31.484151 [info ] [MainThread]: Project loading failed for the following reason:
 project path </Users/beprathap/workspace/netflix-dataset/dbt_project.yml> not found

[0m19:07:31.487334 [debug] [MainThread]: Resource report: {"command_name": "debug", "command_wall_clock_time": 2.5279405, "process_user_time": 0.842568, "process_kernel_time": 0.148909, "process_mem_max_rss": "121438208", "command_success": false, "process_in_blocks": "0", "process_out_blocks": "0"}
[0m19:07:31.487777 [debug] [MainThread]: Command `dbt debug` failed at 19:07:31.487682 after 2.53 seconds
[0m19:07:31.488113 [debug] [MainThread]: Connection 'debug' was properly closed.
[0m19:07:31.488440 [debug] [MainThread]: Sending event: {'category': 'dbt', 'action': 'invocation', 'label': 'end', 'context': [<snowplow_tracker.self_describing_json.SelfDescribingJson object at 0x106020100>, <snowplow_tracker.self_describing_json.SelfDescribingJson object at 0x10885d250>, <snowplow_tracker.self_describing_json.SelfDescribingJson object at 0x107b1d310>]}
[0m19:07:31.488798 [debug] [MainThread]: Flushing usage events
